Determining if the pthread_create exist failed with the following output:
Change Dir: /home/mpc/Localization/workspace/build/CMakeFiles/CMakeTmp

Run Build Command:/usr/bin/make "cmTryCompileExec213743059/fast"
/usr/bin/make -f CMakeFiles/cmTryCompileExec213743059.dir/build.make CMakeFiles/cmTryCompileExec213743059.dir/build
make[1]: Entering directory `/home/mpc/Localization/workspace/build/CMakeFiles/CMakeTmp'
/usr/bin/cmake -E cmake_progress_report /home/mpc/Localization/workspace/build/CMakeFiles/CMakeTmp/CMakeFiles 1
Building C object CMakeFiles/cmTryCompileExec213743059.dir/CheckSymbolExists.c.o
/usr/bin/cc    -o CMakeFiles/cmTryCompileExec213743059.dir/CheckSymbolExists.c.o   -c /home/mpc/Localization/workspace/build/CMakeFiles/CMakeTmp/CheckSymbolExists.c
Linking C executable cmTryCompileExec213743059
/usr/bin/cmake -E cmake_link_script CMakeFiles/cmTryCompileExec213743059.dir/link.txt --verbose=1
/usr/bin/cc       CMakeFiles/cmTryCompileExec213743059.dir/CheckSymbolExists.c.o  -o cmTryCompileExec213743059 -rdynamic 
CMakeFiles/cmTryCompileExec213743059.dir/CheckSymbolExists.c.o: In function `main':
CheckSymbolExists.c:(.text+0x16): undefined reference to `pthread_create'
collect2: error: ld returned 1 exit status
make[1]: Leaving directory `/home/mpc/Localization/workspace/build/CMakeFiles/CMakeTmp'
make[1]: *** [cmTryCompileExec213743059] Error 1
make: *** [cmTryCompileExec213743059/fast] Error 2

File /home/mpc/Localization/workspace/build/CMakeFiles/CMakeTmp/CheckSymbolExists.c:
/* */
#include <pthread.h>

int main(int argc, char** argv)
{
  (void)argv;
#ifndef pthread_create
  return ((int*)(&pthread_create))[argc];
#else
  (void)argc;
  return 0;
#endif
}

Determining if the function pthread_create exists in the pthreads failed with the following output:
Change Dir: /home/mpc/Localization/workspace/build/CMakeFiles/CMakeTmp

Run Build Command:/usr/bin/make "cmTryCompileExec786727911/fast"
/usr/bin/make -f CMakeFiles/cmTryCompileExec786727911.dir/build.make CMakeFiles/cmTryCompileExec786727911.dir/build
make[1]: Entering directory `/home/mpc/Localization/workspace/build/CMakeFiles/CMakeTmp'
/usr/bin/cmake -E cmake_progress_report /home/mpc/Localization/workspace/build/CMakeFiles/CMakeTmp/CMakeFiles 1
Building C object CMakeFiles/cmTryCompileExec786727911.dir/CheckFunctionExists.c.o
/usr/bin/cc   -DCHECK_FUNCTION_EXISTS=pthread_create   -o CMakeFiles/cmTryCompileExec786727911.dir/CheckFunctionExists.c.o   -c /usr/share/cmake-2.8/Modules/CheckFunctionExists.c
Linking C executable cmTryCompileExec786727911
/usr/bin/cmake -E cmake_link_script CMakeFiles/cmTryCompileExec786727911.dir/link.txt --verbose=1
/usr/bin/cc   -DCHECK_FUNCTION_EXISTS=pthread_create    CMakeFiles/cmTryCompileExec786727911.dir/CheckFunctionExists.c.o  -o cmTryCompileExec786727911 -rdynamic -lpthreads 
/usr/bin/ld: cannot find -lpthreads
collect2: error: ld returned 1 exit status
make[1]: Leaving directory `/home/mpc/Localization/workspace/build/CMakeFiles/CMakeTmp'
make[1]: *** [cmTryCompileExec786727911] Error 1
make: *** [cmTryCompileExec786727911/fast] Error 2


